  Hero.cpp
D:\My_files\Projects\Coding\Knights_Quest\Code\KQ_Main_code\Hero.cpp(13,21): warning C4018: '<': signed/unsigned mismatch
D:\My_files\Projects\Coding\Knights_Quest\Code\KQ_Main_code\Hero.cpp(49,21): warning C4018: '<': signed/unsigned mismatch
D:\My_files\Projects\Coding\Knights_Quest\Code\KQ_Main_code\Hero.cpp(95,21): warning C4018: '<': signed/unsigned mismatch
D:\My_files\Projects\Coding\Knights_Quest\Code\KQ_Main_code\Hero.cpp(130,21): warning C4018: '<': signed/unsigned mismatch
D:\My_files\Projects\Coding\Knights_Quest\Code\KQ_Main_code\Hero.cpp(201,20): warning C4018: '<': signed/unsigned mismatch
D:\My_files\Projects\Coding\Knights_Quest\Code\KQ_Main_code\Hero.cpp(247,20): warning C4018: '<': signed/unsigned mismatch
D:\My_files\Projects\Coding\Knights_Quest\Code\KQ_Main_code\Hero.cpp(321,20): warning C4018: '<': signed/unsigned mismatch
D:\My_files\Projects\Coding\Knights_Quest\Code\KQ_Main_code\Hero.cpp(331,20): warning C4018: '<': signed/unsigned mismatch
D:\My_files\Projects\Coding\Knights_Quest\Code\KQ_Main_code\Hero.cpp(341,20): warning C4018: '<': signed/unsigned mismatch
D:\My_files\Projects\Coding\Knights_Quest\Code\KQ_Main_code\Hero.cpp(355,21): warning C4018: '<': signed/unsigned mismatch
D:\My_files\Projects\Coding\Knights_Quest\Code\KQ_Main_code\Hero.cpp(382,21): warning C4018: '<': signed/unsigned mismatch
D:\My_files\Projects\Coding\Knights_Quest\Code\KQ_Main_code\Hero.cpp(419,21): warning C4018: '<': signed/unsigned mismatch
D:\My_files\Projects\Coding\Knights_Quest\Code\KQ_Main_code\Hero.cpp(434,21): warning C4018: '<': signed/unsigned mismatch
D:\My_files\Projects\Coding\Knights_Quest\Code\KQ_Main_code\Hero.cpp(451,9): warning C4244: 'return': conversion from 'double' to 'int', possible loss of data
Release\Item.obj : warning LNK4042: object specified more than once; extras ignored
  Generating code
  12 of 555 functions ( 2.2%) were compiled, the rest were copied from previous compilation.
    0 functions were new in current compilation
    1 functions had inline decision re-evaluated but remain unchanged
  Finished generating code
  KQ_Main_code.vcxproj -> D:\My_files\Projects\Coding\Knights_Quest\Code\KQ_Main_code\Release\Knights_quest.exe
